{"E:\\Interviews\\apparel\\dist\\src\\index.js": {"path":"E:\\Interviews\\apparel\\dist\\src\\index.js","statementMap":{"0":{"start":{"line":2,"column":22},"end":{"line":4,"column":1}},"1":{"start":{"line":3,"column":4},"end":{"line":3,"column":62}},"2":{"start":{"line":5,"column":0},"end":{"line":5,"column":62}},"3":{"start":{"line":6,"column":18},"end":{"line":6,"column":53}},"4":{"start":{"line":7,"column":19},"end":{"line":7,"column":40}},"5":{"start":{"line":8,"column":22},"end":{"line":8,"column":56}},"6":{"start":{"line":9,"column":21},"end":{"line":9,"column":56}},"7":{"start":{"line":10,"column":18},"end":{"line":10,"column":66}},"8":{"start":{"line":11,"column":12},"end":{"line":11,"column":36}},"9":{"start":{"line":12,"column":0},"end":{"line":12,"column":34}},"10":{"start":{"line":13,"column":0},"end":{"line":23,"column":3}},"11":{"start":{"line":14,"column":28},"end":{"line":14,"column":36}},"12":{"start":{"line":15,"column":4},"end":{"line":22,"column":5}},"13":{"start":{"line":16,"column":8},"end":{"line":16,"column":74}},"14":{"start":{"line":17,"column":8},"end":{"line":17,"column":42}},"15":{"start":{"line":18,"column":8},"end":{"line":18,"column":28}},"16":{"start":{"line":21,"column":8},"end":{"line":21,"column":74}},"17":{"start":{"line":24,"column":0},"end":{"line":34,"column":3}},"18":{"start":{"line":25,"column":50},"end":{"line":25,"column":58}},"19":{"start":{"line":26,"column":4},"end":{"line":33,"column":5}},"20":{"start":{"line":27,"column":8},"end":{"line":27,"column":117}},"21":{"start":{"line":28,"column":8},"end":{"line":28,"column":42}},"22":{"start":{"line":29,"column":8},"end":{"line":29,"column":28}},"23":{"start":{"line":32,"column":8},"end":{"line":32,"column":50}},"24":{"start":{"line":35,"column":0},"end":{"line":45,"column":3}},"25":{"start":{"line":36,"column":20},"end":{"line":36,"column":28}},"26":{"start":{"line":37,"column":4},"end":{"line":42,"column":7}},"27":{"start":{"line":38,"column":54},"end":{"line":38,"column":60}},"28":{"start":{"line":39,"column":8},"end":{"line":41,"column":9}},"29":{"start":{"line":40,"column":12},"end":{"line":40,"column":121}},"30":{"start":{"line":43,"column":4},"end":{"line":43,"column":38}},"31":{"start":{"line":44,"column":4},"end":{"line":44,"column":24}},"32":{"start":{"line":47,"column":0},"end":{"line":60,"column":3}},"33":{"start":{"line":48,"column":18},"end":{"line":48,"column":26}},"34":{"start":{"line":49,"column":21},"end":{"line":49,"column":29}},"35":{"start":{"line":50,"column":4},"end":{"line":53,"column":5}},"36":{"start":{"line":51,"column":21},"end":{"line":51,"column":69}},"37":{"start":{"line":52,"column":8},"end":{"line":52,"column":48}},"38":{"start":{"line":54,"column":4},"end":{"line":59,"column":5}},"39":{"start":{"line":55,"column":8},"end":{"line":55,"column":58}},"40":{"start":{"line":58,"column":8},"end":{"line":58,"column":69}},"41":{"start":{"line":61,"column":13},"end":{"line":61,"column":17}},"42":{"start":{"line":62,"column":0},"end":{"line":65,"column":3}},"43":{"start":{"line":63,"column":4},"end":{"line":63,"column":38}},"44":{"start":{"line":64,"column":4},"end":{"line":64,"column":50}},"45":{"start":{"line":66,"column":0},"end":{"line":69,"column":3}},"46":{"start":{"line":67,"column":4},"end":{"line":67,"column":38}},"47":{"start":{"line":68,"column":4},"end":{"line":68,"column":20}},"48":{"start":{"line":70,"column":0},"end":{"line":70,"column":22}}},"fnMap":{"0":{"name":"(anonymous_0)","decl":{"start":{"line":2,"column":56},"end":{"line":2,"column":57}},"loc":{"start":{"line":2,"column":71},"end":{"line":4,"column":1}},"line":2},"1":{"name":"(anonymous_1)","decl":{"start":{"line":13,"column":90},"end":{"line":13,"column":91}},"loc":{"start":{"line":13,"column":104},"end":{"line":23,"column":1}},"line":13},"2":{"name":"(anonymous_2)","decl":{"start":{"line":24,"column":100},"end":{"line":24,"column":101}},"loc":{"start":{"line":24,"column":114},"end":{"line":34,"column":1}},"line":24},"3":{"name":"(anonymous_3)","decl":{"start":{"line":35,"column":26},"end":{"line":35,"column":27}},"loc":{"start":{"line":35,"column":40},"end":{"line":45,"column":1}},"line":35},"4":{"name":"(anonymous_4)","decl":{"start":{"line":37,"column":20},"end":{"line":37,"column":21}},"loc":{"start":{"line":37,"column":30},"end":{"line":42,"column":5}},"line":37},"5":{"name":"(anonymous_5)","decl":{"start":{"line":47,"column":24},"end":{"line":47,"column":25}},"loc":{"start":{"line":47,"column":38},"end":{"line":60,"column":1}},"line":47},"6":{"name":"(anonymous_6)","decl":{"start":{"line":62,"column":17},"end":{"line":62,"column":18}},"loc":{"start":{"line":62,"column":23},"end":{"line":65,"column":1}},"line":62},"7":{"name":"(anonymous_7)","decl":{"start":{"line":66,"column":21},"end":{"line":66,"column":22}},"loc":{"start":{"line":66,"column":27},"end":{"line":69,"column":1}},"line":66}},"branchMap":{"0":{"loc":{"start":{"line":2,"column":22},"end":{"line":4,"column":1}},"type":"binary-expr","locations":[{"start":{"line":2,"column":23},"end":{"line":2,"column":27}},{"start":{"line":2,"column":31},"end":{"line":2,"column":51}},{"start":{"line":2,"column":56},"end":{"line":4,"column":1}}],"line":2},"1":{"loc":{"start":{"line":3,"column":11},"end":{"line":3,"column":61}},"type":"cond-expr","locations":[{"start":{"line":3,"column":37},"end":{"line":3,"column":40}},{"start":{"line":3,"column":43},"end":{"line":3,"column":61}}],"line":3},"2":{"loc":{"start":{"line":3,"column":12},"end":{"line":3,"column":33}},"type":"binary-expr","locations":[{"start":{"line":3,"column":12},"end":{"line":3,"column":15}},{"start":{"line":3,"column":19},"end":{"line":3,"column":33}}],"line":3},"3":{"loc":{"start":{"line":15,"column":4},"end":{"line":22,"column":5}},"type":"if","locations":[{"start":{"line":15,"column":4},"end":{"line":22,"column":5}},{"start":{"line":20,"column":9},"end":{"line":22,"column":5}}],"line":15},"4":{"loc":{"start":{"line":26,"column":4},"end":{"line":33,"column":5}},"type":"if","locations":[{"start":{"line":26,"column":4},"end":{"line":33,"column":5}},{"start":{"line":31,"column":9},"end":{"line":33,"column":5}}],"line":26},"5":{"loc":{"start":{"line":39,"column":8},"end":{"line":41,"column":9}},"type":"if","locations":[{"start":{"line":39,"column":8},"end":{"line":41,"column":9}},{"start":{},"end":{}}],"line":39},"6":{"loc":{"start":{"line":54,"column":4},"end":{"line":59,"column":5}},"type":"if","locations":[{"start":{"line":54,"column":4},"end":{"line":59,"column":5}},{"start":{"line":57,"column":9},"end":{"line":59,"column":5}}],"line":54}},"s":{"0":1,"1":2,"2":1,"3":1,"4":1,"5":1,"6":1,"7":1,"8":1,"9":1,"10":1,"11":0,"12":0,"13":0,"14":0,"15":0,"16":0,"17":1,"18":0,"19":0,"20":0,"21":0,"22":0,"23":0,"24":1,"25":0,"26":0,"27":0,"28":0,"29":0,"30":0,"31":0,"32":1,"33":2,"34":2,"35":2,"36":2,"37":2,"38":2,"39":2,"40":0,"41":1,"42":1,"43":1,"44":1,"45":1,"46":0,"47":0,"48":1},"f":{"0":2,"1":0,"2":0,"3":0,"4":0,"5":2,"6":1,"7":0},"b":{"0":[1,1,1],"1":[1,1],"2":[2,2],"3":[0,0],"4":[0,0],"5":[0,0],"6":[2,0]},"_coverageSchema":"1a1c01bbd47fc00a2c39e90264f33305004495a9","hash":"0856fef5e0d2e5ad3f209b48d3c0c8198d737cb9"}
,"E:\\Interviews\\apparel\\dist\\src\\database\\index.js": {"path":"E:\\Interviews\\apparel\\dist\\src\\database\\index.js","statementMap":{"0":{"start":{"line":2,"column":22},"end":{"line":4,"column":1}},"1":{"start":{"line":3,"column":4},"end":{"line":3,"column":62}},"2":{"start":{"line":5,"column":0},"end":{"line":5,"column":62}},"3":{"start":{"line":6,"column":0},"end":{"line":6,"column":81}},"4":{"start":{"line":7,"column":13},"end":{"line":7,"column":43}},"5":{"start":{"line":8,"column":18},"end":{"line":8,"column":67}},"6":{"start":{"line":9,"column":18},"end":{"line":9,"column":37}},"7":{"start":{"line":10,"column":18},"end":{"line":10,"column":20}},"8":{"start":{"line":11,"column":0},"end":{"line":11,"column":34}},"9":{"start":{"line":13,"column":4},"end":{"line":23,"column":5}},"10":{"start":{"line":14,"column":21},"end":{"line":14,"column":65}},"11":{"start":{"line":15,"column":25},"end":{"line":15,"column":41}},"12":{"start":{"line":16,"column":8},"end":{"line":19,"column":9}},"13":{"start":{"line":17,"column":49},"end":{"line":17,"column":63}},"14":{"start":{"line":18,"column":12},"end":{"line":18,"column":81}},"15":{"start":{"line":22,"column":8},"end":{"line":22,"column":58}},"16":{"start":{"line":25,"column":0},"end":{"line":25,"column":42}},"17":{"start":{"line":27,"column":4},"end":{"line":33,"column":5}},"18":{"start":{"line":28,"column":8},"end":{"line":28,"column":83}},"19":{"start":{"line":29,"column":8},"end":{"line":29,"column":50}},"20":{"start":{"line":32,"column":8},"end":{"line":32,"column":57}},"21":{"start":{"line":35,"column":0},"end":{"line":35,"column":42}}},"fnMap":{"0":{"name":"(anonymous_0)","decl":{"start":{"line":2,"column":56},"end":{"line":2,"column":57}},"loc":{"start":{"line":2,"column":71},"end":{"line":4,"column":1}},"line":2},"1":{"name":"loadVendorStock","decl":{"start":{"line":12,"column":9},"end":{"line":12,"column":24}},"loc":{"start":{"line":12,"column":27},"end":{"line":24,"column":1}},"line":12},"2":{"name":"saveVendorStock","decl":{"start":{"line":26,"column":9},"end":{"line":26,"column":24}},"loc":{"start":{"line":26,"column":27},"end":{"line":34,"column":1}},"line":26}},"branchMap":{"0":{"loc":{"start":{"line":2,"column":22},"end":{"line":4,"column":1}},"type":"binary-expr","locations":[{"start":{"line":2,"column":23},"end":{"line":2,"column":27}},{"start":{"line":2,"column":31},"end":{"line":2,"column":51}},{"start":{"line":2,"column":56},"end":{"line":4,"column":1}}],"line":2},"1":{"loc":{"start":{"line":3,"column":11},"end":{"line":3,"column":61}},"type":"cond-expr","locations":[{"start":{"line":3,"column":37},"end":{"line":3,"column":40}},{"start":{"line":3,"column":43},"end":{"line":3,"column":61}}],"line":3},"2":{"loc":{"start":{"line":3,"column":12},"end":{"line":3,"column":33}},"type":"binary-expr","locations":[{"start":{"line":3,"column":12},"end":{"line":3,"column":15}},{"start":{"line":3,"column":19},"end":{"line":3,"column":33}}],"line":3}},"s":{"0":1,"1":2,"2":1,"3":1,"4":1,"5":1,"6":1,"7":1,"8":1,"9":1,"10":1,"11":1,"12":1,"13":1,"14":1,"15":0,"16":1,"17":0,"18":0,"19":0,"20":0,"21":1},"f":{"0":2,"1":1,"2":0},"b":{"0":[1,1,1],"1":[1,1],"2":[2,2]},"_coverageSchema":"1a1c01bbd47fc00a2c39e90264f33305004495a9","hash":"66d3df8c71fcf8b8ae3351637ec2711b14a39d09"}
,"E:\\Interviews\\apparel\\dist\\src\\middlewares\\validation.js": {"path":"E:\\Interviews\\apparel\\dist\\src\\middlewares\\validation.js","statementMap":{"0":{"start":{"line":2,"column":0},"end":{"line":2,"column":62}},"1":{"start":{"line":3,"column":0},"end":{"line":3,"column":32}},"2":{"start":{"line":5,"column":4},"end":{"line":11,"column":6}},"3":{"start":{"line":6,"column":26},"end":{"line":6,"column":51}},"4":{"start":{"line":7,"column":8},"end":{"line":9,"column":9}},"5":{"start":{"line":8,"column":12},"end":{"line":8,"column":66}},"6":{"start":{"line":10,"column":8},"end":{"line":10,"column":15}},"7":{"start":{"line":13,"column":0},"end":{"line":13,"column":40}}},"fnMap":{"0":{"name":"validateSchema","decl":{"start":{"line":4,"column":9},"end":{"line":4,"column":23}},"loc":{"start":{"line":4,"column":32},"end":{"line":12,"column":1}},"line":4},"1":{"name":"(anonymous_1)","decl":{"start":{"line":5,"column":11},"end":{"line":5,"column":12}},"loc":{"start":{"line":5,"column":31},"end":{"line":11,"column":5}},"line":5}},"branchMap":{"0":{"loc":{"start":{"line":7,"column":8},"end":{"line":9,"column":9}},"type":"if","locations":[{"start":{"line":7,"column":8},"end":{"line":9,"column":9}},{"start":{},"end":{}}],"line":7}},"s":{"0":1,"1":1,"2":2,"3":2,"4":2,"5":2,"6":0,"7":1},"f":{"0":2,"1":2},"b":{"0":[2,0]},"_coverageSchema":"1a1c01bbd47fc00a2c39e90264f33305004495a9","hash":"14f06b7a2d48624dc340471c00196ab0258ed262"}
,"E:\\Interviews\\apparel\\dist\\src\\repository\\apparel.js": {"path":"E:\\Interviews\\apparel\\dist\\src\\repository\\apparel.js","statementMap":{"0":{"start":{"line":2,"column":0},"end":{"line":2,"column":62}},"1":{"start":{"line":5,"column":8},"end":{"line":5,"column":25}},"2":{"start":{"line":6,"column":8},"end":{"line":6,"column":24}},"3":{"start":{"line":7,"column":8},"end":{"line":13,"column":31}},"4":{"start":{"line":8,"column":12},"end":{"line":10,"column":15}},"5":{"start":{"line":9,"column":16},"end":{"line":9,"column":71}},"6":{"start":{"line":13,"column":12},"end":{"line":13,"column":31}},"7":{"start":{"line":34,"column":8},"end":{"line":40,"column":9}},"8":{"start":{"line":35,"column":33},"end":{"line":35,"column":116}},"9":{"start":{"line":36,"column":12},"end":{"line":36,"column":93}},"10":{"start":{"line":39,"column":12},"end":{"line":39,"column":24}},"11":{"start":{"line":43,"column":24},"end":{"line":43,"column":66}},"12":{"start":{"line":44,"column":8},"end":{"line":46,"column":9}},"13":{"start":{"line":45,"column":12},"end":{"line":45,"column":65}},"14":{"start":{"line":47,"column":8},"end":{"line":47,"column":23}},"15":{"start":{"line":50,"column":24},"end":{"line":50,"column":25}},"16":{"start":{"line":51,"column":8},"end":{"line":58,"column":9}},"17":{"start":{"line":52,"column":12},"end":{"line":57,"column":13}},"18":{"start":{"line":53,"column":16},"end":{"line":53,"column":63}},"19":{"start":{"line":56,"column":16},"end":{"line":56,"column":32}},"20":{"start":{"line":59,"column":8},"end":{"line":59,"column":25}},"21":{"start":{"line":62,"column":0},"end":{"line":62,"column":26}}},"fnMap":{"0":{"name":"(anonymous_0)","decl":{"start":{"line":4,"column":4},"end":{"line":4,"column":5}},"loc":{"start":{"line":4,"column":29},"end":{"line":32,"column":5}},"line":4},"1":{"name":"(anonymous_1)","decl":{"start":{"line":8,"column":26},"end":{"line":8,"column":27}},"loc":{"start":{"line":8,"column":34},"end":{"line":10,"column":13}},"line":8},"2":{"name":"(anonymous_2)","decl":{"start":{"line":33,"column":4},"end":{"line":33,"column":5}},"loc":{"start":{"line":33,"column":53},"end":{"line":41,"column":5}},"line":33},"3":{"name":"(anonymous_3)","decl":{"start":{"line":42,"column":4},"end":{"line":42,"column":5}},"loc":{"start":{"line":42,"column":21},"end":{"line":48,"column":5}},"line":42},"4":{"name":"(anonymous_4)","decl":{"start":{"line":49,"column":4},"end":{"line":49,"column":5}},"loc":{"start":{"line":49,"column":24},"end":{"line":60,"column":5}},"line":49}},"branchMap":{"0":{"loc":{"start":{"line":7,"column":8},"end":{"line":13,"column":31}},"type":"if","locations":[{"start":{"line":7,"column":8},"end":{"line":13,"column":31}},{"start":{"line":13,"column":12},"end":{"line":13,"column":31}}],"line":7},"1":{"loc":{"start":{"line":34,"column":8},"end":{"line":40,"column":9}},"type":"if","locations":[{"start":{"line":34,"column":8},"end":{"line":40,"column":9}},{"start":{"line":38,"column":13},"end":{"line":40,"column":9}}],"line":34},"2":{"loc":{"start":{"line":52,"column":12},"end":{"line":57,"column":13}},"type":"if","locations":[{"start":{"line":52,"column":12},"end":{"line":57,"column":13}},{"start":{"line":55,"column":17},"end":{"line":57,"column":13}}],"line":52},"3":{"loc":{"start":{"line":52,"column":16},"end":{"line":52,"column":110}},"type":"binary-expr","locations":[{"start":{"line":52,"column":16},"end":{"line":52,"column":34}},{"start":{"line":52,"column":38},"end":{"line":52,"column":69}},{"start":{"line":52,"column":73},"end":{"line":52,"column":110}}],"line":52}},"s":{"0":1,"1":1,"2":1,"3":1,"4":0,"5":0,"6":1,"7":0,"8":0,"9":0,"10":0,"11":0,"12":0,"13":0,"14":0,"15":2,"16":2,"17":2,"18":0,"19":2,"20":0,"21":1},"f":{"0":1,"1":0,"2":0,"3":0,"4":2},"b":{"0":[0,1],"1":[0,0],"2":[0,2],"3":[2,0,0]},"_coverageSchema":"1a1c01bbd47fc00a2c39e90264f33305004495a9","hash":"fa5dbd33194933a24c9373d094cd48a47eeced17"}
,"E:\\Interviews\\apparel\\dist\\src\\utilities\\validations.js": {"path":"E:\\Interviews\\apparel\\dist\\src\\utilities\\validations.js","statementMap":{"0":{"start":{"line":2,"column":22},"end":{"line":4,"column":1}},"1":{"start":{"line":3,"column":4},"end":{"line":3,"column":62}},"2":{"start":{"line":5,"column":0},"end":{"line":5,"column":62}},"3":{"start":{"line":6,"column":0},"end":{"line":6,"column":68}},"4":{"start":{"line":7,"column":14},"end":{"line":7,"column":45}},"5":{"start":{"line":8,"column":34},"end":{"line":14,"column":2}},"6":{"start":{"line":15,"column":0},"end":{"line":15,"column":62}},"7":{"start":{"line":16,"column":23},"end":{"line":19,"column":2}},"8":{"start":{"line":20,"column":0},"end":{"line":20,"column":40}}},"fnMap":{"0":{"name":"(anonymous_0)","decl":{"start":{"line":2,"column":56},"end":{"line":2,"column":57}},"loc":{"start":{"line":2,"column":71},"end":{"line":4,"column":1}},"line":2}},"branchMap":{"0":{"loc":{"start":{"line":2,"column":22},"end":{"line":4,"column":1}},"type":"binary-expr","locations":[{"start":{"line":2,"column":23},"end":{"line":2,"column":27}},{"start":{"line":2,"column":31},"end":{"line":2,"column":51}},{"start":{"line":2,"column":56},"end":{"line":4,"column":1}}],"line":2},"1":{"loc":{"start":{"line":3,"column":11},"end":{"line":3,"column":61}},"type":"cond-expr","locations":[{"start":{"line":3,"column":37},"end":{"line":3,"column":40}},{"start":{"line":3,"column":43},"end":{"line":3,"column":61}}],"line":3},"2":{"loc":{"start":{"line":3,"column":12},"end":{"line":3,"column":33}},"type":"binary-expr","locations":[{"start":{"line":3,"column":12},"end":{"line":3,"column":15}},{"start":{"line":3,"column":19},"end":{"line":3,"column":33}}],"line":3}},"s":{"0":1,"1":1,"2":1,"3":1,"4":1,"5":1,"6":1,"7":1,"8":1},"f":{"0":1},"b":{"0":[1,1,1],"1":[0,1],"2":[1,1]},"_coverageSchema":"1a1c01bbd47fc00a2c39e90264f33305004495a9","hash":"07bc05f55f6cb0c92391bea6a812b859c8462150"}
}
