TN:
SF:dist\src\index.js
FN:2,(anonymous_0)
FN:13,(anonymous_1)
FN:24,(anonymous_2)
FN:35,(anonymous_3)
FN:37,(anonymous_4)
FN:47,(anonymous_5)
FN:62,(anonymous_6)
FN:66,(anonymous_7)
FNF:8
FNH:3
FNDA:2,(anonymous_0)
FNDA:0,(anonymous_1)
FNDA:0,(anonymous_2)
FNDA:0,(anonymous_3)
FNDA:0,(anonymous_4)
FNDA:2,(anonymous_5)
FNDA:1,(anonymous_6)
FNDA:0,(anonymous_7)
DA:2,1
DA:3,2
DA:5,1
DA:6,1
DA:7,1
DA:8,1
DA:9,1
DA:10,1
DA:11,1
DA:12,1
DA:13,1
DA:14,0
DA:15,0
DA:16,0
DA:17,0
DA:18,0
DA:21,0
DA:24,1
DA:25,0
DA:26,0
DA:27,0
DA:28,0
DA:29,0
DA:32,0
DA:35,1
DA:36,0
DA:37,0
DA:38,0
DA:39,0
DA:40,0
DA:43,0
DA:44,0
DA:47,1
DA:48,2
DA:49,2
DA:50,2
DA:51,2
DA:52,2
DA:54,2
DA:55,2
DA:58,0
DA:61,1
DA:62,1
DA:63,1
DA:64,1
DA:66,1
DA:67,0
DA:68,0
DA:70,1
LF:49
LH:27
BRDA:2,0,0,1
BRDA:2,0,1,1
BRDA:2,0,2,1
BRDA:3,1,0,1
BRDA:3,1,1,1
BRDA:3,2,0,2
BRDA:3,2,1,2
BRDA:15,3,0,0
BRDA:15,3,1,0
BRDA:26,4,0,0
BRDA:26,4,1,0
BRDA:39,5,0,0
BRDA:39,5,1,0
BRDA:54,6,0,2
BRDA:54,6,1,0
BRF:15
BRH:8
end_of_record
TN:
SF:dist\src\database\index.js
FN:2,(anonymous_0)
FN:12,loadVendorStock
FN:26,saveVendorStock
FNF:3
FNH:2
FNDA:2,(anonymous_0)
FNDA:1,loadVendorStock
FNDA:0,saveVendorStock
DA:2,1
DA:3,2
DA:5,1
DA:6,1
DA:7,1
DA:8,1
DA:9,1
DA:10,1
DA:11,1
DA:13,1
DA:14,1
DA:15,1
DA:16,1
DA:17,1
DA:18,1
DA:22,0
DA:25,1
DA:27,0
DA:28,0
DA:29,0
DA:32,0
DA:35,1
LF:22
LH:17
BRDA:2,0,0,1
BRDA:2,0,1,1
BRDA:2,0,2,1
BRDA:3,1,0,1
BRDA:3,1,1,1
BRDA:3,2,0,2
BRDA:3,2,1,2
BRF:7
BRH:7
end_of_record
TN:
SF:dist\src\middlewares\validation.js
FN:4,validateSchema
FN:5,(anonymous_1)
FNF:2
FNH:2
FNDA:2,validateSchema
FNDA:2,(anonymous_1)
DA:2,1
DA:3,1
DA:5,2
DA:6,2
DA:7,2
DA:8,2
DA:10,0
DA:13,1
LF:8
LH:7
BRDA:7,0,0,2
BRDA:7,0,1,0
BRF:2
BRH:1
end_of_record
TN:
SF:dist\src\repository\apparel.js
FN:4,(anonymous_0)
FN:8,(anonymous_1)
FN:33,(anonymous_2)
FN:42,(anonymous_3)
FN:49,(anonymous_4)
FNF:5
FNH:2
FNDA:1,(anonymous_0)
FNDA:0,(anonymous_1)
FNDA:0,(anonymous_2)
FNDA:0,(anonymous_3)
FNDA:2,(anonymous_4)
DA:2,1
DA:5,1
DA:6,1
DA:7,1
DA:8,0
DA:9,0
DA:13,1
DA:34,0
DA:35,0
DA:36,0
DA:39,0
DA:43,0
DA:44,0
DA:45,0
DA:47,0
DA:50,2
DA:51,2
DA:52,2
DA:53,0
DA:56,2
DA:59,0
DA:62,1
LF:22
LH:10
BRDA:7,0,0,0
BRDA:7,0,1,1
BRDA:34,1,0,0
BRDA:34,1,1,0
BRDA:52,2,0,0
BRDA:52,2,1,2
BRDA:52,3,0,2
BRDA:52,3,1,0
BRDA:52,3,2,0
BRF:9
BRH:3
end_of_record
TN:
SF:dist\src\utilities\validations.js
FN:2,(anonymous_0)
FNF:1
FNH:1
FNDA:1,(anonymous_0)
DA:2,1
DA:3,1
DA:5,1
DA:6,1
DA:7,1
DA:8,1
DA:15,1
DA:16,1
DA:20,1
LF:9
LH:9
BRDA:2,0,0,1
BRDA:2,0,1,1
BRDA:2,0,2,1
BRDA:3,1,0,0
BRDA:3,1,1,1
BRDA:3,2,0,1
BRDA:3,2,1,1
BRF:7
BRH:6
end_of_record
